<?xml version="1.0" encoding="UTF-8"?>
<!-- Generated by org.testng.reporters.JUnitReportReporter -->
<testsuite hostname="TATA" name="opeartion.ReadExcel" tests="1" failures="0" timestamp="7 Jun 2017 16:54:13 GMT" time="0.042" errors="0">
  <testcase name="read" time="0.042" classname="opeartion.ReadExcel"/>
</testsuite> <!-- opeartion.ReadExcel -->
